

============================== 2022-12-08 08:51:28.687386 | d2f1aaa1-bb73-4c5a-a2e5-a7dc5f86417e ==============================
[0m08:51:28.687386 [info ] [MainThread]: Running with dbt=1.3.0
[0m08:51:28.688394 [debug] [MainThread]: running dbt with arguments {'write_json': True, 'use_colors': True, 'printer_width': 80, 'version_check': True, 'partial_parse': True, 'static_parser': True, 'profiles_dir': 'C:\\Users\\UstOldfield\\.dbt', 'send_anonymous_usage_stats': True, 'event_buffer_size': 100000, 'quiet': False, 'no_print': False, 'project_name': 'seed_files', 'skip_profile_setup': False, 'which': 'init', 'indirect_selection': 'eager'}
[0m08:51:28.688394 [debug] [MainThread]: Tracking: tracking
[0m08:51:28.712390 [debug] [MainThread]: Sending event: {'category': 'dbt', 'action': 'invocation', 'label': 'start', 'context': [<snowplow_tracker.self_describing_json.SelfDescribingJson object at 0x0000024A7E7C5610>, <snowplow_tracker.self_describing_json.SelfDescribingJson object at 0x0000024A7E7C56D0>, <snowplow_tracker.self_describing_json.SelfDescribingJson object at 0x0000024A7E7C56A0>]}
[0m08:51:28.715386 [debug] [MainThread]: Starter project path: C:\Users\UstOldfield\AppData\Local\Programs\Python\Python39\lib\site-packages\dbt\include\starter_project
[0m08:53:19.208218 [info ] [MainThread]: Profile seed_files written to C:\Users\UstOldfield\.dbt\profiles.yml using target's profile_template.yml and your supplied values. Run 'dbt debug' to validate the connection.
[0m08:53:19.209265 [info ] [MainThread]: 
Your new dbt project "seed_files" was created!

For more information on how to configure the profiles.yml file,
please consult the dbt documentation here:

  https://docs.getdbt.com/docs/configure-your-profile

One more thing:

Need help? Don't hesitate to reach out to us via GitHub issues or on Slack:

  https://community.getdbt.com/

Happy modeling!

[0m08:53:19.211222 [debug] [MainThread]: Sending event: {'category': 'dbt', 'action': 'invocation', 'label': 'end', 'context': [<snowplow_tracker.self_describing_json.SelfDescribingJson object at 0x0000024A7E7C56A0>, <snowplow_tracker.self_describing_json.SelfDescribingJson object at 0x0000024A7E7C57C0>, <snowplow_tracker.self_describing_json.SelfDescribingJson object at 0x0000024A7E7C5EE0>]}
[0m08:53:19.211222 [debug] [MainThread]: Flushing usage events


============================== 2022-12-08 08:53:25.604068 | 486931f5-cba1-43ef-980e-e97b326fa1b4 ==============================
[0m08:53:25.604068 [info ] [MainThread]: Running with dbt=1.3.0
[0m08:53:25.605072 [debug] [MainThread]: running dbt with arguments {'write_json': True, 'use_colors': True, 'printer_width': 80, 'version_check': True, 'partial_parse': True, 'static_parser': True, 'profiles_dir': 'C:\\Users\\UstOldfield\\.dbt', 'send_anonymous_usage_stats': True, 'event_buffer_size': 100000, 'quiet': False, 'no_print': False, 'config_dir': False, 'which': 'debug', 'indirect_selection': 'eager'}
[0m08:53:25.605072 [debug] [MainThread]: Tracking: tracking
[0m08:53:25.628468 [debug] [MainThread]: Sending event: {'category': 'dbt', 'action': 'invocation', 'label': 'start', 'context': [<snowplow_tracker.self_describing_json.SelfDescribingJson object at 0x0000018BA0B75670>, <snowplow_tracker.self_describing_json.SelfDescribingJson object at 0x0000018BA0B75730>, <snowplow_tracker.self_describing_json.SelfDescribingJson object at 0x0000018BA0B75700>]}
[0m08:53:26.321138 [debug] [MainThread]: Executing "git --help"
[0m08:53:26.373924 [debug] [MainThread]: STDOUT: "b"usage: git [-v | --version] [-h | --help] [-C <path>] [-c <name>=<value>]\n           [--exec-path[=<path>]] [--html-path] [--man-path] [--info-path]\n           [-p | --paginate | -P | --no-pager] [--no-replace-objects] [--bare]\n           [--git-dir=<path>] [--work-tree=<path>] [--namespace=<name>]\n           [--super-prefix=<path>] [--config-env=<name>=<envvar>]\n           <command> [<args>]\n\nThese are common Git commands used in various situations:\n\nstart a working area (see also: git help tutorial)\n   clone     Clone a repository into a new directory\n   init      Create an empty Git repository or reinitialize an existing one\n\nwork on the current change (see also: git help everyday)\n   add       Add file contents to the index\n   mv        Move or rename a file, a directory, or a symlink\n   restore   Restore working tree files\n   rm        Remove files from the working tree and from the index\n\nexamine the history and state (see also: git help revisions)\n   bisect    Use binary search to find the commit that introduced a bug\n   diff      Show changes between commits, commit and working tree, etc\n   grep      Print lines matching a pattern\n   log       Show commit logs\n   show      Show various types of objects\n   status    Show the working tree status\n\ngrow, mark and tweak your common history\n   branch    List, create, or delete branches\n   commit    Record changes to the repository\n   merge     Join two or more development histories together\n   rebase    Reapply commits on top of another base tip\n   reset     Reset current HEAD to the specified state\n   switch    Switch branches\n   tag       Create, list, delete or verify a tag object signed with GPG\n\ncollaborate (see also: git help workflows)\n   fetch     Download objects and refs from another repository\n   pull      Fetch from and integrate with another repository or a local branch\n   push      Update remote refs along with associated objects\n\n'git help -a' and 'git help -g' list available subcommands and some\nconcept guides. See 'git help <command>' or 'git help <concept>'\nto read about a specific subcommand or concept.\nSee 'git help git' for an overview of the system.\n""
[0m08:53:26.373924 [debug] [MainThread]: STDERR: "b''"
[0m08:53:26.375930 [debug] [MainThread]: Sending event: {'category': 'dbt', 'action': 'invocation', 'label': 'end', 'context': [<snowplow_tracker.self_describing_json.SelfDescribingJson object at 0x0000018BC03696A0>, <snowplow_tracker.self_describing_json.SelfDescribingJson object at 0x0000018BC0369700>, <snowplow_tracker.self_describing_json.SelfDescribingJson object at 0x0000018BC0369070>]}
[0m08:53:26.376934 [debug] [MainThread]: Flushing usage events
